<?xml version="1.0" encoding="UTF-8"?>
<!-- Generated by org.testng.reporters.JUnitReportReporter -->
<testsuite hostname="LAPTOP-OOJD2GM0" failures="0" tests="1" name="com.practice.BrowserContext" time="32.726" errors="0" timestamp="2023-07-05T09:13:42 IST" skipped="0">
  <testcase classname="com.practice.BrowserContext" name="BrowserContext" time="32.726"/>
  <system-out/>
</testsuite> <!-- com.practice.BrowserContext -->
