<?xml version="1.0" encoding="UTF-8"?>
<!-- Generated by org.testng.reporters.JUnitReportReporter -->
<testsuite hostname="LAPTOP-OOJD2GM0" failures="0" tests="1" name="com.practice.WindowPopup2" time="41.918" errors="0" timestamp="2023-06-05T21:42:57 IST" skipped="0">
  <testcase classname="com.practice.WindowPopup2" name="BrowserWindow" time="41.918"/>
  <system-out/>
</testsuite> <!-- com.practice.WindowPopup2 -->
