<?xml version="1.0" encoding="UTF-8"?>
<!-- Generated by org.testng.reporters.JUnitReportReporter -->
<testsuite hostname="LAPTOP-OOJD2GM0" failures="0" tests="1" name="com.naveenvideos.BrowserInvocation5" time="21.593" errors="0" timestamp="2023-09-12T19:54:28 IST" skipped="0">
  <testcase classname="com.naveenvideos.BrowserInvocation5" name="BrowserInvocation" time="21.593"/>
  <system-out/>
</testsuite> <!-- com.naveenvideos.BrowserInvocation5 -->
