<?xml version="1.0" encoding="UTF-8"?>
<!-- Generated by org.testng.reporters.JUnitReportReporter -->
<testsuite hostname="LAPTOP-OOJD2GM0" failures="0" tests="1" name="com.practice.Locaters" time="29.112" errors="0" timestamp="2023-06-08T09:09:47 IST" skipped="0">
  <testcase classname="com.practice.Locaters" name="Locaters" time="29.112"/>
  <system-out/>
</testsuite> <!-- com.practice.Locaters -->
