<?xml version="1.0" encoding="UTF-8"?>
<!-- Generated by org.testng.reporters.JUnitReportReporter -->
<testsuite hostname="LAPTOP-OOJD2GM0" failures="0" tests="1" name="com.practice.TraceViewer" time="38.061" errors="0" timestamp="2023-07-05T13:06:13 IST" skipped="0">
  <testcase classname="com.practice.TraceViewer" name="getTrace" time="38.061"/>
  <system-out/>
</testsuite> <!-- com.practice.TraceViewer -->
