<?xml version="1.0" encoding="UTF-8"?>
<!-- Generated by org.testng.reporters.JUnitReportReporter -->
<testsuite hostname="LAPTOP-OOJD2GM0" failures="0" tests="1" name="com.docPractice.Second" time="98.923" errors="1" timestamp="2023-07-05T17:49:12 IST" skipped="0">
  <testcase classname="com.docPractice.Second" name="Three" time="98.923">
    <error message="Error {
  message=&#039;Target closed
=========================== logs ===========================
waiting for selector &quot;.btn.btn-ohrm.btn-contact-sales &gt;&gt; nth=0&quot;
============================================================
  name=&#039;Error
  stack=&#039;Error: Target closed
=========================== logs ===========================
waiting for selector &quot;.btn.btn-ohrm.btn-contact-sales &gt;&gt; nth=0&quot;
============================================================
    at WKSession.send (C:\Users\katak\AppData\Local\Temp\playwright-java-6198216042692298871\package\lib\server\webkit\wkConnection.js:148:31)
    at WKExecutionContext.rawEvaluateHandle (C:\Users\katak\AppData\Local\Temp\playwright-java-6198216042692298871\package\lib\server\webkit\wkExecutionContext.js:69:44)
    at FrameExecutionContext.injectedScript (C:\Users\katak\AppData\Local\Temp\playwright-java-6198216042692298871\package\lib\server\dom.js:132:52)
    at RerunnableTask.rerun (C:\Users\katak\AppData\Local\Temp\playwright-java-6198216042692298871\package\lib\server\frames.js:1428:44)
    at Frame._scheduleRerunnableHandleTask (C:\Users\katak\AppData\Local\Temp\playwright-java-6198216042692298871\package\lib\server\frames.js:1322:38)
    at Frame._retryWithProgressIfNotConnected (C:\Users\katak\AppData\Local\Temp\playwright-java-6198216042692298871\package\lib\server\frames.js:996:33)
    at C:\Users\katak\AppData\Local\Temp\playwright-java-6198216042692298871\package\lib\server\frames.js:1026:40
    at ProgressController.run (C:\Users\katak\AppData\Local\Temp\playwright-java-6198216042692298871\package\lib\server\progress.js:88:23)
    at Frame.click (C:\Users\katak\AppData\Local\Temp\playwright-java-6198216042692298871\package\lib\server\frames.js:1025:23)
    at FrameDispatcher.click (C:\Users\katak\AppData\Local\Temp\playwright-java-6198216042692298871\package\lib\dispatchers\frameDispatcher.js:159:30)
}" type="com.microsoft.playwright.PlaywrightException">
      <![CDATA[com.microsoft.playwright.PlaywrightException: Error {
  message='Target closed
=========================== logs ===========================
waiting for selector ".btn.btn-ohrm.btn-contact-sales >> nth=0"
============================================================
  name='Error
  stack='Error: Target closed
=========================== logs ===========================
waiting for selector ".btn.btn-ohrm.btn-contact-sales >> nth=0"
============================================================
    at WKSession.send (C:\Users\katak\AppData\Local\Temp\playwright-java-6198216042692298871\package\lib\server\webkit\wkConnection.js:148:31)
    at WKExecutionContext.rawEvaluateHandle (C:\Users\katak\AppData\Local\Temp\playwright-java-6198216042692298871\package\lib\server\webkit\wkExecutionContext.js:69:44)
    at FrameExecutionContext.injectedScript (C:\Users\katak\AppData\Local\Temp\playwright-java-6198216042692298871\package\lib\server\dom.js:132:52)
    at RerunnableTask.rerun (C:\Users\katak\AppData\Local\Temp\playwright-java-6198216042692298871\package\lib\server\frames.js:1428:44)
    at Frame._scheduleRerunnableHandleTask (C:\Users\katak\AppData\Local\Temp\playwright-java-6198216042692298871\package\lib\server\frames.js:1322:38)
    at Frame._retryWithProgressIfNotConnected (C:\Users\katak\AppData\Local\Temp\playwright-java-6198216042692298871\package\lib\server\frames.js:996:33)
    at C:\Users\katak\AppData\Local\Temp\playwright-java-6198216042692298871\package\lib\server\frames.js:1026:40
    at ProgressController.run (C:\Users\katak\AppData\Local\Temp\playwright-java-6198216042692298871\package\lib\server\progress.js:88:23)
    at Frame.click (C:\Users\katak\AppData\Local\Temp\playwright-java-6198216042692298871\package\lib\server\frames.js:1025:23)
    at FrameDispatcher.click (C:\Users\katak\AppData\Local\Temp\playwright-java-6198216042692298871\package\lib\dispatchers\frameDispatcher.js:159:30)
}
at com.microsoft.playwright.impl.WaitableResult.get(WaitableResult.java:54)
at com.microsoft.playwright.impl.ChannelOwner.runUntil(ChannelOwner.java:103)
at com.microsoft.playwright.impl.Connection.sendMessage(Connection.java:112)
at com.microsoft.playwright.impl.ChannelOwner.sendMessage(ChannelOwner.java:94)
at com.microsoft.playwright.impl.FrameImpl.clickImpl(FrameImpl.java:254)
at com.microsoft.playwright.impl.FrameImpl.lambda$click$9(FrameImpl.java:245)
at com.microsoft.playwright.impl.LoggingSupport.lambda$withLogging$0(LoggingSupport.java:36)
at com.microsoft.playwright.impl.LoggingSupport.withLogging(LoggingSupport.java:47)
at com.microsoft.playwright.impl.ChannelOwner.withLogging(ChannelOwner.java:79)
at com.microsoft.playwright.impl.LoggingSupport.withLogging(LoggingSupport.java:35)
at com.microsoft.playwright.impl.FrameImpl.click(FrameImpl.java:245)
at com.microsoft.playwright.impl.LocatorImpl.click(LocatorImpl.java:74)
at com.microsoft.playwright.Locator.click(Locator.java:1462)
at com.docPractice.Second.Three(Second.java:26)
at java.base/jdk.internal.reflect.NativeMethodAccessorImpl.invoke0(Native Method)
at java.base/jdk.internal.reflect.NativeMethodAccessorImpl.invoke(NativeMethodAccessorImpl.java:77)
at java.base/jdk.internal.reflect.DelegatingMethodAccessorImpl.invoke(DelegatingMethodAccessorImpl.java:43)
at java.base/java.lang.reflect.Method.invoke(Method.java:568)
at org.testng.internal.MethodInvocationHelper.invokeMethod(MethodInvocationHelper.java:133)
at org.testng.internal.TestInvoker.invokeMethod(TestInvoker.java:598)
at org.testng.internal.TestInvoker.invokeTestMethod(TestInvoker.java:173)
at org.testng.internal.MethodRunner.runInSequence(MethodRunner.java:46)
at org.testng.internal.TestInvoker$MethodInvocationAgent.invoke(TestInvoker.java:824)
at org.testng.internal.TestInvoker.invokeTestMethods(TestInvoker.java:146)
at org.testng.internal.TestMethodWorker.invokeTestMethods(TestMethodWorker.java:146)
at org.testng.internal.TestMethodWorker.run(TestMethodWorker.java:128)
at java.base/java.util.ArrayList.forEach(ArrayList.java:1511)
at org.testng.TestRunner.privateRun(TestRunner.java:794)
at org.testng.TestRunner.run(TestRunner.java:596)
at org.testng.SuiteRunner.runTest(SuiteRunner.java:377)
at org.testng.SuiteRunner.runSequentially(SuiteRunner.java:371)
at org.testng.SuiteRunner.privateRun(SuiteRunner.java:332)
at org.testng.SuiteRunner.run(SuiteRunner.java:276)
at org.testng.SuiteRunnerWorker.runSuite(SuiteRunnerWorker.java:53)
at org.testng.SuiteRunnerWorker.run(SuiteRunnerWorker.java:96)
at org.testng.TestNG.runSuitesSequentially(TestNG.java:1212)
at org.testng.TestNG.runSuitesLocally(TestNG.java:1134)
at org.testng.TestNG.runSuites(TestNG.java:1063)
at org.testng.TestNG.run(TestNG.java:1031)
at org.testng.remote.AbstractRemoteTestNG.run(AbstractRemoteTestNG.java:115)
at org.testng.remote.RemoteTestNG.initAndRun(RemoteTestNG.java:251)
at org.testng.remote.RemoteTestNG.main(RemoteTestNG.java:77)
Caused by: com.microsoft.playwright.impl.DriverException: Error {
  message='Target closed
=========================== logs ===========================
waiting for selector ".btn.btn-ohrm.btn-contact-sales >> nth=0"
============================================================
  name='Error
  stack='Error: Target closed
=========================== logs ===========================
waiting for selector ".btn.btn-ohrm.btn-contact-sales >> nth=0"
============================================================
    at WKSession.send (C:\Users\katak\AppData\Local\Temp\playwright-java-6198216042692298871\package\lib\server\webkit\wkConnection.js:148:31)
    at WKExecutionContext.rawEvaluateHandle (C:\Users\katak\AppData\Local\Temp\playwright-java-6198216042692298871\package\lib\server\webkit\wkExecutionContext.js:69:44)
    at FrameExecutionContext.injectedScript (C:\Users\katak\AppData\Local\Temp\playwright-java-6198216042692298871\package\lib\server\dom.js:132:52)
    at RerunnableTask.rerun (C:\Users\katak\AppData\Local\Temp\playwright-java-6198216042692298871\package\lib\server\frames.js:1428:44)
    at Frame._scheduleRerunnableHandleTask (C:\Users\katak\AppData\Local\Temp\playwright-java-6198216042692298871\package\lib\server\frames.js:1322:38)
    at Frame._retryWithProgressIfNotConnected (C:\Users\katak\AppData\Local\Temp\playwright-java-6198216042692298871\package\lib\server\frames.js:996:33)
    at C:\Users\katak\AppData\Local\Temp\playwright-java-6198216042692298871\package\lib\server\frames.js:1026:40
    at ProgressController.run (C:\Users\katak\AppData\Local\Temp\playwright-java-6198216042692298871\package\lib\server\progress.js:88:23)
    at Frame.click (C:\Users\katak\AppData\Local\Temp\playwright-java-6198216042692298871\package\lib\server\frames.js:1025:23)
    at FrameDispatcher.click (C:\Users\katak\AppData\Local\Temp\playwright-java-6198216042692298871\package\lib\dispatchers\frameDispatcher.js:159:30)
}
at com.microsoft.playwright.impl.Connection.dispatch(Connection.java:232)
at com.microsoft.playwright.impl.Connection.processOneMessage(Connection.java:212)
at com.microsoft.playwright.impl.ChannelOwner.runUntil(ChannelOwner.java:101)
... 40 more
]]>
    </error>
  </testcase> <!-- Three -->
  <system-out/>
</testsuite> <!-- com.docPractice.Second -->
