<?xml version="1.0" encoding="UTF-8"?>
<!-- Generated by org.testng.reporters.JUnitReportReporter -->
<testsuite hostname="LAPTOP-OOJD2GM0" failures="0" tests="1" name="com.naveenvideos.PlayInspector6" time="78.575" errors="0" timestamp="2023-09-12T10:34:28 IST" skipped="0">
  <testcase classname="com.naveenvideos.PlayInspector6" name="get" time="78.575"/>
  <system-out/>
</testsuite> <!-- com.naveenvideos.PlayInspector6 -->
