<?xml version="1.0" encoding="UTF-8"?>
<!-- Generated by org.testng.reporters.JUnitReportReporter -->
<testsuite hostname="LAPTOP-OOJD2GM0" failures="0" tests="1" name="com.naveenvideos.TraceViewer7" time="40.525" errors="0" timestamp="2023-09-12T11:24:50 IST" skipped="0">
  <testcase classname="com.naveenvideos.TraceViewer7" name="getTrace" time="40.525"/>
  <system-out/>
</testsuite> <!-- com.naveenvideos.TraceViewer7 -->
