<?xml version="1.0" encoding="UTF-8"?>
<!-- Generated by org.testng.reporters.JUnitReportReporter -->
<testsuite hostname="LAPTOP-OOJD2GM0" failures="0" tests="3" name="com.docPractice.App" time="43.559" errors="0" timestamp="2023-07-05T17:23:52 IST" skipped="0">
  <testcase classname="com.docPractice.App" name="first" time="21.928"/>
  <system-out/>
  <testcase classname="com.docPractice.App" name="Second" time="10.326"/>
  <system-out/>
  <testcase classname="com.docPractice.App" name="Three" time="11.305"/>
  <system-out/>
</testsuite> <!-- com.docPractice.App -->
