<?xml version="1.0" encoding="UTF-8"?>
<!-- Generated by org.testng.reporters.JUnitReportReporter -->
<testsuite hostname="LAPTOP-OOJD2GM0" failures="0" tests="1" name="com.practice.BrowserPopuups" time="28.274" errors="0" timestamp="2023-06-05T17:34:40 IST" skipped="0">
  <testcase classname="com.practice.BrowserPopuups" name="BrowserWindow" time="28.274"/>
  <system-out/>
</testsuite> <!-- com.practice.BrowserPopuups -->
