<?xml version="1.0" encoding="UTF-8"?>
<!-- Generated by org.testng.reporters.JUnitReportReporter -->
<testsuite hostname="LAPTOP-OOJD2GM0" failures="0" tests="1" name="com.practice.Example" time="93.060" errors="0" timestamp="2023-07-05T12:26:42 IST" skipped="0">
  <testcase classname="com.practice.Example" name="get" time="93.060"/>
  <system-out/>
</testsuite> <!-- com.practice.Example -->
